<?xml version="1.0" encoding="utf-8"?><testsuites name="pytest tests"><testsuite name="pytest" errors="0" failures="0" skipped="0" tests="19" time="4.805" timestamp="2026-06-10T18:50:46.777681+00:00" hostname="agent-env-318777ea-1052-4e7d-a9c5-42d1f85bd064"><testcase classname="backend.tests.test_iteration2.TestLifetimePro" name="test_register_lifetime_email_mixed_case" time="0.343" /><testcase classname="backend.tests.test_iteration2.TestDiscount" name="test_percentage_discount" time="0.457" /><testcase classname="backend.tests.test_iteration2.TestDiscount" name="test_fixed_discount" time="0.118" /><testcase classname="backend.tests.test_iteration2.TestDiscount" name="test_none_discount" time="0.120" /><testcase classname="backend.tests.test_iteration2.TestDiscount" name="test_update_recalculates" time="0.116" /><testcase classname="backend.tests.test_iteration2.TestDiscount" name="test_pdf_contains_discount" time="0.151" /><testcase classname="backend.tests.test_iteration2.TestInvoices" name="test_convert_quote_to_invoice" time="0.241" /><testcase classname="backend.tests.test_iteration2.TestInvoices" name="test_convert_idempotent" time="0.108" /><testcase classname="backend.tests.test_iteration2.TestInvoices" name="test_list_invoices" time="0.113" /><testcase classname="backend.tests.test_iteration2.TestInvoices" name="test_get_invoice" time="0.142" /><testcase classname="backend.tests.test_iteration2.TestInvoices" name="test_invoice_stats" time="0.109" /><testcase classname="backend.tests.test_iteration2.TestInvoices" name="test_invoice_overdue_via_past_due" time="0.340" /><testcase classname="backend.tests.test_iteration2.TestInvoices" name="test_mark_paid" time="0.109" /><testcase classname="backend.tests.test_iteration2.TestInvoices" name="test_put_status_paid_sets_paid_at" time="0.127" /><testcase classname="backend.tests.test_iteration2.TestInvoices" name="test_invoice_pdf" time="0.115" /><testcase classname="backend.tests.test_iteration2.TestInvoices" name="test_send_invoice" time="0.398" /><testcase classname="backend.tests.test_iteration2.TestInvoices" name="test_isolation_user_b_cannot_access" time="0.936" /><testcase classname="backend.tests.test_iteration2.TestInvoices" name="test_invoices_dont_count_against_free_quote_limit" time="0.285" /><testcase classname="backend.tests.test_iteration2.TestInvoices" name="test_delete_invoice" time="0.376" /></testsuite></testsuites>