<?xml version="1.0" encoding="utf-8"?><testsuites name="pytest tests"><testsuite name="pytest" errors="0" failures="0" skipped="0" tests="11" time="5.569" timestamp="2026-06-10T18:11:23.536183+00:00" hostname="agent-env-318777ea-1052-4e7d-a9c5-42d1f85bd064"><testcase classname="backend.tests.backend_test.TestAuth" name="test_register_login_me_logout" time="1.706" /><testcase classname="backend.tests.backend_test.TestClients" name="test_clients_crud" time="0.934" /><testcase classname="backend.tests.backend_test.TestQuotes" name="test_create_quote_vat_calc_and_number" time="0.117" /><testcase classname="backend.tests.backend_test.TestQuotes" name="test_get_and_update_quote" time="0.226" /><testcase classname="backend.tests.backend_test.TestQuotes" name="test_stats" time="0.105" /><testcase classname="backend.tests.backend_test.TestQuotes" name="test_pdf_download" time="0.136" /><testcase classname="backend.tests.backend_test.TestQuotes" name="test_send_quote_mocked" time="0.128" /><testcase classname="backend.tests.backend_test.TestQuotes" name="test_free_plan_limit" time="0.474" /><testcase classname="backend.tests.backend_test.TestIsolation" name="test_user_b_cannot_see_a_quotes" time="0.852" /><testcase classname="backend.tests.backend_test.TestSettings" name="test_update_settings" time="0.107" /><testcase classname="backend.tests.backend_test.TestBilling" name="test_checkout_session" time="0.697" /></testsuite></testsuites>